2025-08-219 16:46 o.h.validator.internal.util.Version-HV000001: Hibernate Validator 8.0.2.Final
2025-08-219 16:46 c.s.o.OrdersystemApplication-Starting OrdersystemApplication using Java 17.0.15 with PID 47332 (/Users/jjw/Desktop/SW CAMP/odersystem/build/classes/java/main started by jjw in /Users/jjw/Desktop/SW CAMP/odersystem)
2025-08-219 16:46 c.s.o.OrdersystemApplication-The following 1 profile is active: "local"
2025-08-219 16:46 o.s.d.r.c.RepositoryConfigurationDelegate-Multiple Spring Data modules found, entering strict repository configuration mode
2025-08-219 16:46 o.s.d.r.c.RepositoryConfigurationDelegate-Bootstrapping Spring Data JPA repositories in DEFAULT mode.
2025-08-219 16:46 o.s.d.r.c.RepositoryConfigurationDelegate-Finished Spring Data repository scanning in 84 ms. Found 4 JPA repository interfaces.
2025-08-219 16:46 o.s.d.r.c.RepositoryConfigurationDelegate-Multiple Spring Data modules found, entering strict repository configuration mode
2025-08-219 16:46 o.s.d.r.c.RepositoryConfigurationDelegate-Bootstrapping Spring Data Redis repositories in DEFAULT mode.
2025-08-219 16:46 o.s.d.r.c.RepositoryConfigurationExtensionSupport-Spring Data Redis - Could not safely identify store assignment for repository candidate interface com.study.odersystem.member.repository.MemberRepository; If you want this repository to be a Redis repository, consider annotating your entities with one of these annotations: org.springframework.data.redis.core.RedisHash (preferred), or consider extending one of the following types with your repository: org.springframework.data.keyvalue.repository.KeyValueRepository
2025-08-219 16:46 o.s.d.r.c.RepositoryConfigurationExtensionSupport-Spring Data Redis - Could not safely identify store assignment for repository candidate interface com.study.odersystem.ordering.repository.OrderingRepository; If you want this repository to be a Redis repository, consider annotating your entities with one of these annotations: org.springframework.data.redis.core.RedisHash (preferred), or consider extending one of the following types with your repository: org.springframework.data.keyvalue.repository.KeyValueRepository
2025-08-219 16:46 o.s.d.r.c.RepositoryConfigurationExtensionSupport-Spring Data Redis - Could not safely identify store assignment for repository candidate interface com.study.odersystem.product.repository.ProductImageRepository; If you want this repository to be a Redis repository, consider annotating your entities with one of these annotations: org.springframework.data.redis.core.RedisHash (preferred), or consider extending one of the following types with your repository: org.springframework.data.keyvalue.repository.KeyValueRepository
2025-08-219 16:46 o.s.d.r.c.RepositoryConfigurationExtensionSupport-Spring Data Redis - Could not safely identify store assignment for repository candidate interface com.study.odersystem.product.repository.ProductRepository; If you want this repository to be a Redis repository, consider annotating your entities with one of these annotations: org.springframework.data.redis.core.RedisHash (preferred), or consider extending one of the following types with your repository: org.springframework.data.keyvalue.repository.KeyValueRepository
2025-08-219 16:46 o.s.d.r.c.RepositoryConfigurationDelegate-Finished Spring Data repository scanning in 4 ms. Found 0 Redis repository interfaces.
2025-08-219 16:46 o.s.b.w.e.tomcat.TomcatWebServer-Tomcat initialized with port 8080 (http)
2025-08-219 16:46 o.a.coyote.http11.Http11NioProtocol-Initializing ProtocolHandler ["http-nio-8080"]
2025-08-219 16:46 o.a.catalina.core.StandardService-Starting service [Tomcat]
2025-08-219 16:46 o.a.catalina.core.StandardEngine-Starting Servlet engine: [Apache Tomcat/10.1.43]
2025-08-219 16:46 o.a.c.c.C.[Tomcat].[localhost].[/]-Initializing Spring embedded WebApplicationContext
2025-08-219 16:46 o.s.b.w.s.c.ServletWebServerApplicationContext-Root WebApplicationContext: initialization completed in 1008 ms
2025-08-219 16:46 o.h.jpa.internal.util.LogHelper-HHH000204: Processing PersistenceUnitInfo [name: default]
2025-08-219 16:46 org.hibernate.Version-HHH000412: Hibernate ORM core version 6.6.22.Final
2025-08-219 16:46 o.h.c.i.RegionFactoryInitiator-HHH000026: Second-level cache disabled
2025-08-219 16:46 o.s.o.j.p.SpringPersistenceUnitInfo-No LoadTimeWeaver setup: ignoring JPA class transformer
2025-08-219 16:46 com.zaxxer.hikari.HikariDataSource-HikariPool-1 - Starting...
2025-08-219 16:46 com.zaxxer.hikari.pool.HikariPool-HikariPool-1 - Added connection org.mariadb.jdbc.Connection@751bb780
2025-08-219 16:46 com.zaxxer.hikari.HikariDataSource-HikariPool-1 - Start completed.
2025-08-219 16:46 org.hibernate.orm.deprecation-HHH90000025: MariaDBDialect does not need to be specified explicitly using 'hibernate.dialect' (remove the property setting and it will be selected by default)
2025-08-219 16:46 o.hibernate.orm.connections.pooling-HHH10001005: Database info:
	Database JDBC URL [Connecting through datasource 'HikariDataSource (HikariPool-1)']
	Database driver: undefined/unknown
	Database version: 11.7.2
	Autocommit mode: undefined/unknown
	Isolation level: undefined/unknown
	Minimum pool size: undefined/unknown
	Maximum pool size: undefined/unknown
2025-08-219 16:46 o.h.e.t.j.p.i.JtaPlatformInitiator-HHH000489: No JTA platform available (set 'hibernate.transaction.jta.platform' to enable JTA platform integration)
2025-08-219 16:46 o.s.o.j.LocalContainerEntityManagerFactoryBean-Initialized JPA EntityManagerFactory for persistence unit 'default'
2025-08-219 16:46 o.s.b.a.o.j.JpaBaseConfiguration$JpaWebConfiguration-spring.jpa.open-in-view is enabled by default. Therefore, database queries may be performed during view rendering. Explicitly configure spring.jpa.open-in-view to disable this warning
2025-08-219 16:46 o.s.b.a.s.s.UserDetailsServiceAutoConfiguration-

Using generated security password: b1c908b1-0215-4e11-8274-90994e4a4ad1

This generated password is for development use only. Your security configuration must be updated before running your application in production.

2025-08-219 16:46 o.s.s.c.a.a.c.InitializeUserDetailsBeanManagerConfigurer$InitializeUserDetailsManagerConfigurer-Global AuthenticationManager configured with UserDetailsService bean with name inMemoryUserDetailsManager
2025-08-219 16:46 o.s.s.c.a.w.c.AuthorizeHttpRequestsConfigurer$AuthorizationManagerRequestMatcherRegistry-One of the patterns in [/member/create, /member/doLogin, /member/refresh-at, /product/list, /swagger-ui/**, /v3/api-docs/**, /swagger-resources/**, /webjars/**, swagger-ui.html] is missing a leading slash. This is discouraged; please include the leading slash in all your request matcher patterns. In future versions of Spring Security, leaving out the leading slash will result in an exception.
2025-08-219 16:46 o.a.coyote.http11.Http11NioProtocol-Starting ProtocolHandler ["http-nio-8080"]
2025-08-219 16:46 o.s.b.w.e.tomcat.TomcatWebServer-Tomcat started on port 8080 (http) with context path '/'
2025-08-219 16:46 o.s.a.r.c.CachingConnectionFactory-Attempting to connect to: localhost:5672
2025-08-219 16:46 o.s.a.r.l.SimpleMessageListenerContainer-Broker not available; cannot force queue declarations during start: java.net.ConnectException: Connection refused
2025-08-219 16:46 o.s.a.r.c.CachingConnectionFactory-Attempting to connect to: localhost:5672
2025-08-219 16:46 o.s.a.r.l.SimpleMessageListenerContainer-Failed to check/redeclare auto-delete queue(s).
org.springframework.amqp.AmqpConnectException: java.net.ConnectException: Connection refused
	at org.springframework.amqp.rabbit.support.RabbitExceptionTranslator.convertRabbitAccessException(RabbitExceptionTranslator.java:61)
	at org.springframework.amqp.rabbit.connection.AbstractConnectionFactory.createBareConnection(AbstractConnectionFactory.java:632)
	at org.springframework.amqp.rabbit.connection.CachingConnectionFactory.createConnection(CachingConnectionFactory.java:726)
	at org.springframework.amqp.rabbit.connection.ConnectionFactoryUtils.createConnection(ConnectionFactoryUtils.java:257)
	at org.springframework.amqp.rabbit.core.RabbitTemplate.doExecute(RabbitTemplate.java:2262)
	at org.springframework.amqp.rabbit.core.RabbitTemplate.execute(RabbitTemplate.java:2235)
	at org.springframework.amqp.rabbit.core.RabbitTemplate.execute(RabbitTemplate.java:2215)
	at org.springframework.amqp.rabbit.core.RabbitAdmin.getQueueInfo(RabbitAdmin.java:467)
	at org.springframework.amqp.rabbit.core.RabbitAdmin.getQueueProperties(RabbitAdmin.java:451)
	at org.springframework.amqp.rabbit.listener.AbstractMessageListenerContainer.attemptDeclarations(AbstractMessageListenerContainer.java:1972)
	at org.springframework.amqp.rabbit.listener.AbstractMessageListenerContainer.redeclareElementsIfNecessary(AbstractMessageListenerContainer.java:1936)
	at org.springframework.amqp.rabbit.listener.SimpleMessageListenerContainer$AsyncMessageProcessingConsumer.initialize(SimpleMessageListenerContainer.java:1481)
	at org.springframework.amqp.rabbit.listener.SimpleMessageListenerContainer$AsyncMessageProcessingConsumer.run(SimpleMessageListenerContainer.java:1322)
	at java.base/java.lang.Thread.run(Thread.java:840)
Caused by: java.net.ConnectException: Connection refused
	at java.base/sun.nio.ch.Net.pollConnect(Native Method)
	at java.base/sun.nio.ch.Net.pollConnectNow(Net.java:672)
	at java.base/sun.nio.ch.NioSocketImpl.timedFinishConnect(NioSocketImpl.java:554)
	at java.base/sun.nio.ch.NioSocketImpl.connect(NioSocketImpl.java:602)
	at java.base/java.net.SocksSocketImpl.connect(SocksSocketImpl.java:327)
	at java.base/java.net.Socket.connect(Socket.java:633)
	at com.rabbitmq.client.impl.SocketFrameHandlerFactory.create(SocketFrameHandlerFactory.java:61)
	at com.rabbitmq.client.ConnectionFactory.newConnection(ConnectionFactory.java:1249)
	at com.rabbitmq.client.ConnectionFactory.newConnection(ConnectionFactory.java:1198)
	at com.rabbitmq.client.ConnectionFactory.newConnection(ConnectionFactory.java:1369)
	at org.springframework.amqp.rabbit.connection.AbstractConnectionFactory.connectHostPort(AbstractConnectionFactory.java:695)
	at org.springframework.amqp.rabbit.connection.AbstractConnectionFactory.connect(AbstractConnectionFactory.java:650)
	at org.springframework.amqp.rabbit.connection.AbstractConnectionFactory.createBareConnection(AbstractConnectionFactory.java:593)
	... 12 common frames omitted
2025-08-219 16:46 o.s.a.r.c.CachingConnectionFactory-Attempting to connect to: localhost:5672
2025-08-219 16:46 c.s.o.OrdersystemApplication-Started OrdersystemApplication in 3.906 seconds (process running for 4.355)
2025-08-219 16:46 o.s.a.r.l.SimpleMessageListenerContainer-Consumer raised exception, processing can restart if the connection factory supports it. Exception summary: org.springframework.amqp.AmqpConnectException: java.net.ConnectException: Connection refused
2025-08-219 16:46 o.s.a.r.l.SimpleMessageListenerContainer-Restarting Consumer@b359d2d: tags=[[]], channel=null, acknowledgeMode=AUTO local queue size=0
2025-08-219 16:46 o.s.a.r.c.CachingConnectionFactory-Attempting to connect to: localhost:5672
2025-08-219 16:46 o.s.a.r.l.SimpleMessageListenerContainer-Failed to check/redeclare auto-delete queue(s).
2025-08-219 16:46 o.s.a.r.c.CachingConnectionFactory-Attempting to connect to: localhost:5672
2025-08-219 16:46 o.s.a.r.l.SimpleMessageListenerContainer-Consumer raised exception, processing can restart if the connection factory supports it. Exception summary: org.springframework.amqp.AmqpConnectException: java.net.ConnectException: Connection refused
2025-08-219 16:46 o.s.a.r.l.SimpleMessageListenerContainer-Restarting Consumer@501644: tags=[[]], channel=null, acknowledgeMode=AUTO local queue size=0
2025-08-219 16:46 o.s.a.r.c.CachingConnectionFactory-Attempting to connect to: localhost:5672
2025-08-219 16:46 o.s.a.r.l.SimpleMessageListenerContainer-Failed to check/redeclare auto-delete queue(s).
2025-08-219 16:46 o.s.a.r.c.CachingConnectionFactory-Attempting to connect to: localhost:5672
2025-08-219 16:46 o.s.a.r.l.SimpleMessageListenerContainer-Consumer raised exception, processing can restart if the connection factory supports it. Exception summary: org.springframework.amqp.AmqpConnectException: java.net.ConnectException: Connection refused
2025-08-219 16:46 o.s.a.r.l.SimpleMessageListenerContainer-Restarting Consumer@3929eda4: tags=[[]], channel=null, acknowledgeMode=AUTO local queue size=0
2025-08-219 16:46 o.s.a.r.c.CachingConnectionFactory-Attempting to connect to: localhost:5672
2025-08-219 16:46 o.s.a.r.l.SimpleMessageListenerContainer-Failed to check/redeclare auto-delete queue(s).
2025-08-219 16:46 o.s.a.r.c.CachingConnectionFactory-Attempting to connect to: localhost:5672
2025-08-219 16:46 o.s.a.r.l.SimpleMessageListenerContainer-Waiting for workers to finish.
2025-08-219 16:46 o.s.a.r.l.SimpleMessageListenerContainer-Successfully waited for workers to finish.
2025-08-219 16:46 o.s.b.w.e.tomcat.GracefulShutdown-Commencing graceful shutdown. Waiting for active requests to complete
2025-08-219 16:46 o.s.b.w.e.tomcat.GracefulShutdown-Graceful shutdown complete
2025-08-219 16:46 o.s.o.j.LocalContainerEntityManagerFactoryBean-Closing JPA EntityManagerFactory for persistence unit 'default'
2025-08-219 16:46 com.zaxxer.hikari.HikariDataSource-HikariPool-1 - Shutdown initiated...
2025-08-219 16:46 com.zaxxer.hikari.HikariDataSource-HikariPool-1 - Shutdown completed.
2025-08-219 16:46 o.h.validator.internal.util.Version-HV000001: Hibernate Validator 8.0.2.Final
2025-08-219 16:46 c.s.o.OrdersystemApplication-Starting OrdersystemApplication using Java 17.0.15 with PID 48078 (/Users/jjw/Desktop/SW CAMP/odersystem/build/classes/java/main started by jjw in /Users/jjw/Desktop/SW CAMP/odersystem)
2025-08-219 16:46 c.s.o.OrdersystemApplication-The following 1 profile is active: "local"
2025-08-219 16:46 o.s.d.r.c.RepositoryConfigurationDelegate-Multiple Spring Data modules found, entering strict repository configuration mode
2025-08-219 16:46 o.s.d.r.c.RepositoryConfigurationDelegate-Bootstrapping Spring Data JPA repositories in DEFAULT mode.
2025-08-219 16:46 o.s.d.r.c.RepositoryConfigurationDelegate-Finished Spring Data repository scanning in 85 ms. Found 4 JPA repository interfaces.
2025-08-219 16:46 o.s.d.r.c.RepositoryConfigurationDelegate-Multiple Spring Data modules found, entering strict repository configuration mode
2025-08-219 16:46 o.s.d.r.c.RepositoryConfigurationDelegate-Bootstrapping Spring Data Redis repositories in DEFAULT mode.
2025-08-219 16:47 o.s.d.r.c.RepositoryConfigurationExtensionSupport-Spring Data Redis - Could not safely identify store assignment for repository candidate interface com.study.odersystem.member.repository.MemberRepository; If you want this repository to be a Redis repository, consider annotating your entities with one of these annotations: org.springframework.data.redis.core.RedisHash (preferred), or consider extending one of the following types with your repository: org.springframework.data.keyvalue.repository.KeyValueRepository
2025-08-219 16:47 o.s.d.r.c.RepositoryConfigurationExtensionSupport-Spring Data Redis - Could not safely identify store assignment for repository candidate interface com.study.odersystem.ordering.repository.OrderingRepository; If you want this repository to be a Redis repository, consider annotating your entities with one of these annotations: org.springframework.data.redis.core.RedisHash (preferred), or consider extending one of the following types with your repository: org.springframework.data.keyvalue.repository.KeyValueRepository
2025-08-219 16:47 o.s.d.r.c.RepositoryConfigurationExtensionSupport-Spring Data Redis - Could not safely identify store assignment for repository candidate interface com.study.odersystem.product.repository.ProductImageRepository; If you want this repository to be a Redis repository, consider annotating your entities with one of these annotations: org.springframework.data.redis.core.RedisHash (preferred), or consider extending one of the following types with your repository: org.springframework.data.keyvalue.repository.KeyValueRepository
2025-08-219 16:47 o.s.d.r.c.RepositoryConfigurationExtensionSupport-Spring Data Redis - Could not safely identify store assignment for repository candidate interface com.study.odersystem.product.repository.ProductRepository; If you want this repository to be a Redis repository, consider annotating your entities with one of these annotations: org.springframework.data.redis.core.RedisHash (preferred), or consider extending one of the following types with your repository: org.springframework.data.keyvalue.repository.KeyValueRepository
2025-08-219 16:47 o.s.d.r.c.RepositoryConfigurationDelegate-Finished Spring Data repository scanning in 5 ms. Found 0 Redis repository interfaces.
2025-08-219 16:47 o.s.b.w.e.tomcat.TomcatWebServer-Tomcat initialized with port 8080 (http)
2025-08-219 16:47 o.a.coyote.http11.Http11NioProtocol-Initializing ProtocolHandler ["http-nio-8080"]
2025-08-219 16:47 o.a.catalina.core.StandardService-Starting service [Tomcat]
2025-08-219 16:47 o.a.catalina.core.StandardEngine-Starting Servlet engine: [Apache Tomcat/10.1.43]
2025-08-219 16:47 o.a.c.c.C.[Tomcat].[localhost].[/]-Initializing Spring embedded WebApplicationContext
2025-08-219 16:47 o.s.b.w.s.c.ServletWebServerApplicationContext-Root WebApplicationContext: initialization completed in 924 ms
2025-08-219 16:47 o.h.jpa.internal.util.LogHelper-HHH000204: Processing PersistenceUnitInfo [name: default]
2025-08-219 16:47 org.hibernate.Version-HHH000412: Hibernate ORM core version 6.6.22.Final
2025-08-219 16:47 o.h.c.i.RegionFactoryInitiator-HHH000026: Second-level cache disabled
2025-08-219 16:47 o.s.o.j.p.SpringPersistenceUnitInfo-No LoadTimeWeaver setup: ignoring JPA class transformer
2025-08-219 16:47 com.zaxxer.hikari.HikariDataSource-HikariPool-1 - Starting...
2025-08-219 16:47 com.zaxxer.hikari.pool.HikariPool-HikariPool-1 - Added connection org.mariadb.jdbc.Connection@751bb780
2025-08-219 16:47 com.zaxxer.hikari.HikariDataSource-HikariPool-1 - Start completed.
2025-08-219 16:47 org.hibernate.orm.deprecation-HHH90000025: MariaDBDialect does not need to be specified explicitly using 'hibernate.dialect' (remove the property setting and it will be selected by default)
2025-08-219 16:47 o.hibernate.orm.connections.pooling-HHH10001005: Database info:
	Database JDBC URL [Connecting through datasource 'HikariDataSource (HikariPool-1)']
	Database driver: undefined/unknown
	Database version: 11.7.2
	Autocommit mode: undefined/unknown
	Isolation level: undefined/unknown
	Minimum pool size: undefined/unknown
	Maximum pool size: undefined/unknown
2025-08-219 16:47 o.h.e.t.j.p.i.JtaPlatformInitiator-HHH000489: No JTA platform available (set 'hibernate.transaction.jta.platform' to enable JTA platform integration)
2025-08-219 16:47 o.s.o.j.LocalContainerEntityManagerFactoryBean-Initialized JPA EntityManagerFactory for persistence unit 'default'
2025-08-219 16:47 o.s.b.a.o.j.JpaBaseConfiguration$JpaWebConfiguration-spring.jpa.open-in-view is enabled by default. Therefore, database queries may be performed during view rendering. Explicitly configure spring.jpa.open-in-view to disable this warning
2025-08-219 16:47 o.s.b.a.s.s.UserDetailsServiceAutoConfiguration-

Using generated security password: 89c22132-d8e8-4352-bd3d-e67d6f7da63a

This generated password is for development use only. Your security configuration must be updated before running your application in production.

2025-08-219 16:47 o.s.s.c.a.a.c.InitializeUserDetailsBeanManagerConfigurer$InitializeUserDetailsManagerConfigurer-Global AuthenticationManager configured with UserDetailsService bean with name inMemoryUserDetailsManager
2025-08-219 16:47 o.s.s.c.a.w.c.AuthorizeHttpRequestsConfigurer$AuthorizationManagerRequestMatcherRegistry-One of the patterns in [/member/create, /member/doLogin, /member/refresh-at, /product/list, /swagger-ui/**, /v3/api-docs/**, /swagger-resources/**, /webjars/**, swagger-ui.html] is missing a leading slash. This is discouraged; please include the leading slash in all your request matcher patterns. In future versions of Spring Security, leaving out the leading slash will result in an exception.
2025-08-219 16:47 o.a.coyote.http11.Http11NioProtocol-Starting ProtocolHandler ["http-nio-8080"]
2025-08-219 16:47 o.s.b.w.e.tomcat.TomcatWebServer-Tomcat started on port 8080 (http) with context path '/'
2025-08-219 16:47 o.s.a.r.c.CachingConnectionFactory-Attempting to connect to: localhost:5672
2025-08-219 16:47 o.s.a.r.c.CachingConnectionFactory-Created new connection: connectionFactory#4842a683:0/SimpleConnection@700cc0e6 [delegate=amqp://guest@127.0.0.1:5672/, localPort=56753]
2025-08-219 16:47 c.s.o.OrdersystemApplication-Started OrdersystemApplication in 3.457 seconds (process running for 3.799)
2025-08-219 16:48 o.s.a.r.l.SimpleMessageListenerContainer-Waiting for workers to finish.
2025-08-219 16:48 o.s.a.r.l.SimpleMessageListenerContainer-Successfully waited for workers to finish.
2025-08-219 16:48 o.s.b.w.e.tomcat.GracefulShutdown-Commencing graceful shutdown. Waiting for active requests to complete
2025-08-219 16:48 o.s.b.w.e.tomcat.GracefulShutdown-Graceful shutdown complete
2025-08-219 16:48 o.s.o.j.LocalContainerEntityManagerFactoryBean-Closing JPA EntityManagerFactory for persistence unit 'default'
2025-08-219 16:48 com.zaxxer.hikari.HikariDataSource-HikariPool-1 - Shutdown initiated...
2025-08-219 16:48 com.zaxxer.hikari.HikariDataSource-HikariPool-1 - Shutdown completed.
2025-08-219 16:48 o.h.validator.internal.util.Version-HV000001: Hibernate Validator 8.0.2.Final
2025-08-219 16:48 c.s.o.OrdersystemApplication-Starting OrdersystemApplication using Java 17.0.15 with PID 48287 (/Users/jjw/Desktop/SW CAMP/odersystem/build/classes/java/main started by jjw in /Users/jjw/Desktop/SW CAMP/odersystem)
2025-08-219 16:48 c.s.o.OrdersystemApplication-The following 1 profile is active: "local"
2025-08-219 16:48 o.s.d.r.c.RepositoryConfigurationDelegate-Multiple Spring Data modules found, entering strict repository configuration mode
2025-08-219 16:48 o.s.d.r.c.RepositoryConfigurationDelegate-Bootstrapping Spring Data JPA repositories in DEFAULT mode.
2025-08-219 16:48 o.s.d.r.c.RepositoryConfigurationDelegate-Finished Spring Data repository scanning in 74 ms. Found 4 JPA repository interfaces.
2025-08-219 16:48 o.s.d.r.c.RepositoryConfigurationDelegate-Multiple Spring Data modules found, entering strict repository configuration mode
2025-08-219 16:48 o.s.d.r.c.RepositoryConfigurationDelegate-Bootstrapping Spring Data Redis repositories in DEFAULT mode.
2025-08-219 16:48 o.s.d.r.c.RepositoryConfigurationExtensionSupport-Spring Data Redis - Could not safely identify store assignment for repository candidate interface com.study.odersystem.member.repository.MemberRepository; If you want this repository to be a Redis repository, consider annotating your entities with one of these annotations: org.springframework.data.redis.core.RedisHash (preferred), or consider extending one of the following types with your repository: org.springframework.data.keyvalue.repository.KeyValueRepository
2025-08-219 16:48 o.s.d.r.c.RepositoryConfigurationExtensionSupport-Spring Data Redis - Could not safely identify store assignment for repository candidate interface com.study.odersystem.ordering.repository.OrderingRepository; If you want this repository to be a Redis repository, consider annotating your entities with one of these annotations: org.springframework.data.redis.core.RedisHash (preferred), or consider extending one of the following types with your repository: org.springframework.data.keyvalue.repository.KeyValueRepository
2025-08-219 16:48 o.s.d.r.c.RepositoryConfigurationExtensionSupport-Spring Data Redis - Could not safely identify store assignment for repository candidate interface com.study.odersystem.product.repository.ProductImageRepository; If you want this repository to be a Redis repository, consider annotating your entities with one of these annotations: org.springframework.data.redis.core.RedisHash (preferred), or consider extending one of the following types with your repository: org.springframework.data.keyvalue.repository.KeyValueRepository
2025-08-219 16:48 o.s.d.r.c.RepositoryConfigurationExtensionSupport-Spring Data Redis - Could not safely identify store assignment for repository candidate interface com.study.odersystem.product.repository.ProductRepository; If you want this repository to be a Redis repository, consider annotating your entities with one of these annotations: org.springframework.data.redis.core.RedisHash (preferred), or consider extending one of the following types with your repository: org.springframework.data.keyvalue.repository.KeyValueRepository
2025-08-219 16:48 o.s.d.r.c.RepositoryConfigurationDelegate-Finished Spring Data repository scanning in 3 ms. Found 0 Redis repository interfaces.
2025-08-219 16:48 o.s.b.w.e.tomcat.TomcatWebServer-Tomcat initialized with port 8080 (http)
2025-08-219 16:48 o.a.coyote.http11.Http11NioProtocol-Initializing ProtocolHandler ["http-nio-8080"]
2025-08-219 16:48 o.a.catalina.core.StandardService-Starting service [Tomcat]
2025-08-219 16:48 o.a.catalina.core.StandardEngine-Starting Servlet engine: [Apache Tomcat/10.1.43]
2025-08-219 16:48 o.a.c.c.C.[Tomcat].[localhost].[/]-Initializing Spring embedded WebApplicationContext
2025-08-219 16:48 o.s.b.w.s.c.ServletWebServerApplicationContext-Root WebApplicationContext: initialization completed in 855 ms
2025-08-219 16:48 o.h.jpa.internal.util.LogHelper-HHH000204: Processing PersistenceUnitInfo [name: default]
2025-08-219 16:48 org.hibernate.Version-HHH000412: Hibernate ORM core version 6.6.22.Final
2025-08-219 16:48 o.h.c.i.RegionFactoryInitiator-HHH000026: Second-level cache disabled
2025-08-219 16:48 o.s.o.j.p.SpringPersistenceUnitInfo-No LoadTimeWeaver setup: ignoring JPA class transformer
2025-08-219 16:48 com.zaxxer.hikari.HikariDataSource-HikariPool-1 - Starting...
2025-08-219 16:48 com.zaxxer.hikari.pool.HikariPool-HikariPool-1 - Added connection org.mariadb.jdbc.Connection@751bb780
2025-08-219 16:48 com.zaxxer.hikari.HikariDataSource-HikariPool-1 - Start completed.
2025-08-219 16:48 org.hibernate.orm.deprecation-HHH90000025: MariaDBDialect does not need to be specified explicitly using 'hibernate.dialect' (remove the property setting and it will be selected by default)
2025-08-219 16:48 o.hibernate.orm.connections.pooling-HHH10001005: Database info:
	Database JDBC URL [Connecting through datasource 'HikariDataSource (HikariPool-1)']
	Database driver: undefined/unknown
	Database version: 11.7.2
	Autocommit mode: undefined/unknown
	Isolation level: undefined/unknown
	Minimum pool size: undefined/unknown
	Maximum pool size: undefined/unknown
2025-08-219 16:48 o.h.e.t.j.p.i.JtaPlatformInitiator-HHH000489: No JTA platform available (set 'hibernate.transaction.jta.platform' to enable JTA platform integration)
2025-08-219 16:48 o.s.o.j.LocalContainerEntityManagerFactoryBean-Initialized JPA EntityManagerFactory for persistence unit 'default'
2025-08-219 16:48 o.s.b.a.o.j.JpaBaseConfiguration$JpaWebConfiguration-spring.jpa.open-in-view is enabled by default. Therefore, database queries may be performed during view rendering. Explicitly configure spring.jpa.open-in-view to disable this warning
2025-08-219 16:48 o.s.b.a.s.s.UserDetailsServiceAutoConfiguration-

Using generated security password: e1b3f6d4-14af-4acd-968e-69a5b0278649

This generated password is for development use only. Your security configuration must be updated before running your application in production.

2025-08-219 16:48 o.s.s.c.a.a.c.InitializeUserDetailsBeanManagerConfigurer$InitializeUserDetailsManagerConfigurer-Global AuthenticationManager configured with UserDetailsService bean with name inMemoryUserDetailsManager
2025-08-219 16:48 o.s.s.c.a.w.c.AuthorizeHttpRequestsConfigurer$AuthorizationManagerRequestMatcherRegistry-One of the patterns in [/**, /member/create, /member/doLogin, /member/refresh-at, /product/list, /swagger-ui/**, /v3/api-docs/**, /swagger-resources/**, /webjars/**, swagger-ui.html] is missing a leading slash. This is discouraged; please include the leading slash in all your request matcher patterns. In future versions of Spring Security, leaving out the leading slash will result in an exception.
2025-08-219 16:48 o.a.coyote.http11.Http11NioProtocol-Starting ProtocolHandler ["http-nio-8080"]
2025-08-219 16:48 o.s.b.w.e.tomcat.TomcatWebServer-Tomcat started on port 8080 (http) with context path '/'
2025-08-219 16:48 o.s.a.r.c.CachingConnectionFactory-Attempting to connect to: localhost:5672
2025-08-219 16:48 o.s.a.r.c.CachingConnectionFactory-Created new connection: connectionFactory#65a03c19:0/SimpleConnection@72294513 [delegate=amqp://guest@127.0.0.1:5672/, localPort=56834]
2025-08-219 16:48 c.s.o.OrdersystemApplication-Started OrdersystemApplication in 3.347 seconds (process running for 3.648)
2025-08-219 16:49 o.s.a.r.l.SimpleMessageListenerContainer-Waiting for workers to finish.
2025-08-219 16:49 o.s.a.r.l.SimpleMessageListenerContainer-Successfully waited for workers to finish.
2025-08-219 16:49 o.s.b.w.e.tomcat.GracefulShutdown-Commencing graceful shutdown. Waiting for active requests to complete
2025-08-219 16:49 o.s.b.w.e.tomcat.GracefulShutdown-Graceful shutdown complete
2025-08-219 16:49 o.s.o.j.LocalContainerEntityManagerFactoryBean-Closing JPA EntityManagerFactory for persistence unit 'default'
2025-08-219 16:49 com.zaxxer.hikari.HikariDataSource-HikariPool-1 - Shutdown initiated...
2025-08-219 16:49 com.zaxxer.hikari.HikariDataSource-HikariPool-1 - Shutdown completed.
2025-08-219 16:49 o.h.validator.internal.util.Version-HV000001: Hibernate Validator 8.0.2.Final
2025-08-219 16:49 c.s.o.OrdersystemApplication-Starting OrdersystemApplication using Java 17.0.15 with PID 48330 (/Users/jjw/Desktop/SW CAMP/odersystem/build/classes/java/main started by jjw in /Users/jjw/Desktop/SW CAMP/odersystem)
2025-08-219 16:49 c.s.o.OrdersystemApplication-The following 1 profile is active: "local"
2025-08-219 16:49 o.s.d.r.c.RepositoryConfigurationDelegate-Multiple Spring Data modules found, entering strict repository configuration mode
2025-08-219 16:49 o.s.d.r.c.RepositoryConfigurationDelegate-Bootstrapping Spring Data JPA repositories in DEFAULT mode.
2025-08-219 16:49 o.s.d.r.c.RepositoryConfigurationDelegate-Finished Spring Data repository scanning in 72 ms. Found 4 JPA repository interfaces.
2025-08-219 16:49 o.s.d.r.c.RepositoryConfigurationDelegate-Multiple Spring Data modules found, entering strict repository configuration mode
2025-08-219 16:49 o.s.d.r.c.RepositoryConfigurationDelegate-Bootstrapping Spring Data Redis repositories in DEFAULT mode.
2025-08-219 16:49 o.s.d.r.c.RepositoryConfigurationExtensionSupport-Spring Data Redis - Could not safely identify store assignment for repository candidate interface com.study.odersystem.member.repository.MemberRepository; If you want this repository to be a Redis repository, consider annotating your entities with one of these annotations: org.springframework.data.redis.core.RedisHash (preferred), or consider extending one of the following types with your repository: org.springframework.data.keyvalue.repository.KeyValueRepository
2025-08-219 16:49 o.s.d.r.c.RepositoryConfigurationExtensionSupport-Spring Data Redis - Could not safely identify store assignment for repository candidate interface com.study.odersystem.ordering.repository.OrderingRepository; If you want this repository to be a Redis repository, consider annotating your entities with one of these annotations: org.springframework.data.redis.core.RedisHash (preferred), or consider extending one of the following types with your repository: org.springframework.data.keyvalue.repository.KeyValueRepository
2025-08-219 16:49 o.s.d.r.c.RepositoryConfigurationExtensionSupport-Spring Data Redis - Could not safely identify store assignment for repository candidate interface com.study.odersystem.product.repository.ProductImageRepository; If you want this repository to be a Redis repository, consider annotating your entities with one of these annotations: org.springframework.data.redis.core.RedisHash (preferred), or consider extending one of the following types with your repository: org.springframework.data.keyvalue.repository.KeyValueRepository
2025-08-219 16:49 o.s.d.r.c.RepositoryConfigurationExtensionSupport-Spring Data Redis - Could not safely identify store assignment for repository candidate interface com.study.odersystem.product.repository.ProductRepository; If you want this repository to be a Redis repository, consider annotating your entities with one of these annotations: org.springframework.data.redis.core.RedisHash (preferred), or consider extending one of the following types with your repository: org.springframework.data.keyvalue.repository.KeyValueRepository
2025-08-219 16:49 o.s.d.r.c.RepositoryConfigurationDelegate-Finished Spring Data repository scanning in 4 ms. Found 0 Redis repository interfaces.
2025-08-219 16:49 o.s.b.w.e.tomcat.TomcatWebServer-Tomcat initialized with port 8080 (http)
2025-08-219 16:49 o.a.coyote.http11.Http11NioProtocol-Initializing ProtocolHandler ["http-nio-8080"]
2025-08-219 16:49 o.a.catalina.core.StandardService-Starting service [Tomcat]
2025-08-219 16:49 o.a.catalina.core.StandardEngine-Starting Servlet engine: [Apache Tomcat/10.1.43]
2025-08-219 16:49 o.a.c.c.C.[Tomcat].[localhost].[/]-Initializing Spring embedded WebApplicationContext
2025-08-219 16:49 o.s.b.w.s.c.ServletWebServerApplicationContext-Root WebApplicationContext: initialization completed in 871 ms
2025-08-219 16:49 o.h.jpa.internal.util.LogHelper-HHH000204: Processing PersistenceUnitInfo [name: default]
2025-08-219 16:49 org.hibernate.Version-HHH000412: Hibernate ORM core version 6.6.22.Final
2025-08-219 16:49 o.h.c.i.RegionFactoryInitiator-HHH000026: Second-level cache disabled
2025-08-219 16:49 o.s.o.j.p.SpringPersistenceUnitInfo-No LoadTimeWeaver setup: ignoring JPA class transformer
2025-08-219 16:49 com.zaxxer.hikari.HikariDataSource-HikariPool-1 - Starting...
2025-08-219 16:49 com.zaxxer.hikari.pool.HikariPool-HikariPool-1 - Added connection org.mariadb.jdbc.Connection@56f61d74
2025-08-219 16:49 com.zaxxer.hikari.HikariDataSource-HikariPool-1 - Start completed.
2025-08-219 16:49 org.hibernate.orm.deprecation-HHH90000025: MariaDBDialect does not need to be specified explicitly using 'hibernate.dialect' (remove the property setting and it will be selected by default)
2025-08-219 16:49 o.hibernate.orm.connections.pooling-HHH10001005: Database info:
	Database JDBC URL [Connecting through datasource 'HikariDataSource (HikariPool-1)']
	Database driver: undefined/unknown
	Database version: 11.7.2
	Autocommit mode: undefined/unknown
	Isolation level: undefined/unknown
	Minimum pool size: undefined/unknown
	Maximum pool size: undefined/unknown
2025-08-219 16:49 o.h.e.t.j.p.i.JtaPlatformInitiator-HHH000489: No JTA platform available (set 'hibernate.transaction.jta.platform' to enable JTA platform integration)
2025-08-219 16:49 o.s.o.j.LocalContainerEntityManagerFactoryBean-Initialized JPA EntityManagerFactory for persistence unit 'default'
2025-08-219 16:49 o.s.b.a.o.j.JpaBaseConfiguration$JpaWebConfiguration-spring.jpa.open-in-view is enabled by default. Therefore, database queries may be performed during view rendering. Explicitly configure spring.jpa.open-in-view to disable this warning
2025-08-219 16:49 o.s.b.a.s.s.UserDetailsServiceAutoConfiguration-

Using generated security password: 2dc9829e-8697-4bfa-8cd3-8a5ffd2d1dd7

This generated password is for development use only. Your security configuration must be updated before running your application in production.

2025-08-219 16:49 o.s.s.c.a.a.c.InitializeUserDetailsBeanManagerConfigurer$InitializeUserDetailsManagerConfigurer-Global AuthenticationManager configured with UserDetailsService bean with name inMemoryUserDetailsManager
2025-08-219 16:49 o.s.s.c.a.w.c.AuthorizeHttpRequestsConfigurer$AuthorizationManagerRequestMatcherRegistry-One of the patterns in [/product/list, /member/create, /member/doLogin, /member/refresh-at, /product/list, /swagger-ui/**, /v3/api-docs/**, /swagger-resources/**, /webjars/**, swagger-ui.html] is missing a leading slash. This is discouraged; please include the leading slash in all your request matcher patterns. In future versions of Spring Security, leaving out the leading slash will result in an exception.
2025-08-219 16:49 o.a.coyote.http11.Http11NioProtocol-Starting ProtocolHandler ["http-nio-8080"]
2025-08-219 16:49 o.s.b.w.e.tomcat.TomcatWebServer-Tomcat started on port 8080 (http) with context path '/'
2025-08-219 16:49 o.s.a.r.c.CachingConnectionFactory-Attempting to connect to: localhost:5672
2025-08-219 16:49 o.s.a.r.c.CachingConnectionFactory-Created new connection: connectionFactory#29f3ea39:0/SimpleConnection@63838642 [delegate=amqp://guest@127.0.0.1:5672/, localPort=56870]
2025-08-219 16:49 c.s.o.OrdersystemApplication-Started OrdersystemApplication in 3.429 seconds (process running for 3.76)
2025-08-219 16:50 o.s.a.r.l.SimpleMessageListenerContainer-Waiting for workers to finish.
2025-08-219 16:50 o.s.a.r.l.SimpleMessageListenerContainer-Successfully waited for workers to finish.
2025-08-219 16:50 o.s.b.w.e.tomcat.GracefulShutdown-Commencing graceful shutdown. Waiting for active requests to complete
2025-08-219 16:50 o.s.b.w.e.tomcat.GracefulShutdown-Graceful shutdown complete
2025-08-219 16:50 o.s.o.j.LocalContainerEntityManagerFactoryBean-Closing JPA EntityManagerFactory for persistence unit 'default'
2025-08-219 16:50 com.zaxxer.hikari.HikariDataSource-HikariPool-1 - Shutdown initiated...
2025-08-219 16:50 com.zaxxer.hikari.HikariDataSource-HikariPool-1 - Shutdown completed.
2025-08-219 16:50 o.h.validator.internal.util.Version-HV000001: Hibernate Validator 8.0.2.Final
2025-08-219 16:50 c.s.o.OrdersystemApplication-Starting OrdersystemApplication using Java 17.0.15 with PID 48833 (/Users/jjw/Desktop/SW CAMP/odersystem/build/classes/java/main started by jjw in /Users/jjw/Desktop/SW CAMP/odersystem)
2025-08-219 16:50 c.s.o.OrdersystemApplication-The following 1 profile is active: "local"
2025-08-219 16:50 o.s.d.r.c.RepositoryConfigurationDelegate-Multiple Spring Data modules found, entering strict repository configuration mode
2025-08-219 16:50 o.s.d.r.c.RepositoryConfigurationDelegate-Bootstrapping Spring Data JPA repositories in DEFAULT mode.
2025-08-219 16:50 o.s.d.r.c.RepositoryConfigurationDelegate-Finished Spring Data repository scanning in 96 ms. Found 4 JPA repository interfaces.
2025-08-219 16:50 o.s.d.r.c.RepositoryConfigurationDelegate-Multiple Spring Data modules found, entering strict repository configuration mode
2025-08-219 16:50 o.s.d.r.c.RepositoryConfigurationDelegate-Bootstrapping Spring Data Redis repositories in DEFAULT mode.
2025-08-219 16:50 o.s.d.r.c.RepositoryConfigurationExtensionSupport-Spring Data Redis - Could not safely identify store assignment for repository candidate interface com.study.odersystem.member.repository.MemberRepository; If you want this repository to be a Redis repository, consider annotating your entities with one of these annotations: org.springframework.data.redis.core.RedisHash (preferred), or consider extending one of the following types with your repository: org.springframework.data.keyvalue.repository.KeyValueRepository
2025-08-219 16:50 o.s.d.r.c.RepositoryConfigurationExtensionSupport-Spring Data Redis - Could not safely identify store assignment for repository candidate interface com.study.odersystem.ordering.repository.OrderingRepository; If you want this repository to be a Redis repository, consider annotating your entities with one of these annotations: org.springframework.data.redis.core.RedisHash (preferred), or consider extending one of the following types with your repository: org.springframework.data.keyvalue.repository.KeyValueRepository
2025-08-219 16:50 o.s.d.r.c.RepositoryConfigurationExtensionSupport-Spring Data Redis - Could not safely identify store assignment for repository candidate interface com.study.odersystem.product.repository.ProductImageRepository; If you want this repository to be a Redis repository, consider annotating your entities with one of these annotations: org.springframework.data.redis.core.RedisHash (preferred), or consider extending one of the following types with your repository: org.springframework.data.keyvalue.repository.KeyValueRepository
2025-08-219 16:50 o.s.d.r.c.RepositoryConfigurationExtensionSupport-Spring Data Redis - Could not safely identify store assignment for repository candidate interface com.study.odersystem.product.repository.ProductRepository; If you want this repository to be a Redis repository, consider annotating your entities with one of these annotations: org.springframework.data.redis.core.RedisHash (preferred), or consider extending one of the following types with your repository: org.springframework.data.keyvalue.repository.KeyValueRepository
2025-08-219 16:50 o.s.d.r.c.RepositoryConfigurationDelegate-Finished Spring Data repository scanning in 5 ms. Found 0 Redis repository interfaces.
2025-08-219 16:50 o.s.b.w.e.tomcat.TomcatWebServer-Tomcat initialized with port 8080 (http)
2025-08-219 16:50 o.a.coyote.http11.Http11NioProtocol-Initializing ProtocolHandler ["http-nio-8080"]
2025-08-219 16:50 o.a.catalina.core.StandardService-Starting service [Tomcat]
2025-08-219 16:50 o.a.catalina.core.StandardEngine-Starting Servlet engine: [Apache Tomcat/10.1.43]
2025-08-219 16:50 o.a.c.c.C.[Tomcat].[localhost].[/]-Initializing Spring embedded WebApplicationContext
2025-08-219 16:50 o.s.b.w.s.c.ServletWebServerApplicationContext-Root WebApplicationContext: initialization completed in 1056 ms
2025-08-219 16:50 o.h.jpa.internal.util.LogHelper-HHH000204: Processing PersistenceUnitInfo [name: default]
2025-08-219 16:50 org.hibernate.Version-HHH000412: Hibernate ORM core version 6.6.22.Final
2025-08-219 16:50 o.h.c.i.RegionFactoryInitiator-HHH000026: Second-level cache disabled
2025-08-219 16:50 o.s.o.j.p.SpringPersistenceUnitInfo-No LoadTimeWeaver setup: ignoring JPA class transformer
2025-08-219 16:50 com.zaxxer.hikari.HikariDataSource-HikariPool-1 - Starting...
2025-08-219 16:50 com.zaxxer.hikari.pool.HikariPool-HikariPool-1 - Added connection org.mariadb.jdbc.Connection@2919aff3
2025-08-219 16:50 com.zaxxer.hikari.HikariDataSource-HikariPool-1 - Start completed.
2025-08-219 16:50 org.hibernate.orm.deprecation-HHH90000025: MariaDBDialect does not need to be specified explicitly using 'hibernate.dialect' (remove the property setting and it will be selected by default)
2025-08-219 16:50 o.hibernate.orm.connections.pooling-HHH10001005: Database info:
	Database JDBC URL [Connecting through datasource 'HikariDataSource (HikariPool-1)']
	Database driver: undefined/unknown
	Database version: 11.7.2
	Autocommit mode: undefined/unknown
	Isolation level: undefined/unknown
	Minimum pool size: undefined/unknown
	Maximum pool size: undefined/unknown
2025-08-219 16:50 o.h.e.t.j.p.i.JtaPlatformInitiator-HHH000489: No JTA platform available (set 'hibernate.transaction.jta.platform' to enable JTA platform integration)
2025-08-219 16:50 o.s.o.j.LocalContainerEntityManagerFactoryBean-Initialized JPA EntityManagerFactory for persistence unit 'default'
2025-08-219 16:50 o.s.b.a.o.j.JpaBaseConfiguration$JpaWebConfiguration-spring.jpa.open-in-view is enabled by default. Therefore, database queries may be performed during view rendering. Explicitly configure spring.jpa.open-in-view to disable this warning
2025-08-219 16:50 o.s.b.a.s.s.UserDetailsServiceAutoConfiguration-

Using generated security password: d40308fd-33ad-4ebf-9d97-48a857f5fb64

This generated password is for development use only. Your security configuration must be updated before running your application in production.

2025-08-219 16:50 o.s.s.c.a.a.c.InitializeUserDetailsBeanManagerConfigurer$InitializeUserDetailsManagerConfigurer-Global AuthenticationManager configured with UserDetailsService bean with name inMemoryUserDetailsManager
2025-08-219 16:50 o.s.s.c.a.w.c.AuthorizeHttpRequestsConfigurer$AuthorizationManagerRequestMatcherRegistry-One of the patterns in [/product/list, /member/create, /member/doLogin, /member/refresh-at, /product/list, /swagger-ui/**, /v3/api-docs/**, /swagger-resources/**, /webjars/**, swagger-ui.html] is missing a leading slash. This is discouraged; please include the leading slash in all your request matcher patterns. In future versions of Spring Security, leaving out the leading slash will result in an exception.
2025-08-219 16:50 o.a.coyote.http11.Http11NioProtocol-Starting ProtocolHandler ["http-nio-8080"]
2025-08-219 16:50 o.s.b.w.e.tomcat.TomcatWebServer-Tomcat started on port 8080 (http) with context path '/'
2025-08-219 16:50 o.s.a.r.c.CachingConnectionFactory-Attempting to connect to: localhost:5672
2025-08-219 16:50 o.s.a.r.c.CachingConnectionFactory-Created new connection: connectionFactory#65a03c19:0/SimpleConnection@72294513 [delegate=amqp://guest@127.0.0.1:5672/, localPort=56965]
2025-08-219 16:50 c.s.o.OrdersystemApplication-Started OrdersystemApplication in 3.667 seconds (process running for 4.091)
2025-08-219 16:55 o.a.c.c.C.[Tomcat].[localhost].[/]-Initializing Spring DispatcherServlet 'dispatcherServlet'
2025-08-219 16:55 o.s.web.servlet.DispatcherServlet-Initializing Servlet 'dispatcherServlet'
2025-08-219 16:55 o.s.web.servlet.DispatcherServlet-Completed initialization in 15 ms
2025-08-219 16:55 c.s.o.common.auth.JwtTokenFilter-JWT expired at 2025-08-02T00:11:55Z. Current time: 2025-08-07T07:55:53Z, a difference of 459838139 milliseconds.  Allowed clock skew: 0 milliseconds.
2025-08-219 16:55 c.s.o.common.auth.JwtTokenFilter-JWT expired at 2025-08-02T00:11:55Z. Current time: 2025-08-07T07:55:53Z, a difference of 459838143 milliseconds.  Allowed clock skew: 0 milliseconds.
2025-08-219 16:55 c.s.o.p.controller.ProductController-Page request [number: 0, size 10, sort: UNSORTED]
2025-08-219 16:55 c.s.o.p.controller.ProductController-ProductSearchDto(category=테스트, productName=테스트)
2025-08-219 16:55 o.s.d.w.c.SpringDataJacksonConfiguration$PageModule$WarningLoggingModifier-Serializing PageImpl instances as-is is not supported, meaning that there is no guarantee about the stability of the resulting JSON structure!
	For a stable JSON structure, please use Spring Data's PagedModel (globally via @EnableSpringDataWebSupport(pageSerializationMode = VIA_DTO))
	or Spring HATEOAS and Spring Data's PagedResourcesAssembler as documented in https://docs.spring.io/spring-data/commons/reference/repositories/core-extensions.html#core.web.pageables.

2025-08-219 16:56 c.s.o.common.auth.JwtTokenFilter-Cannot invoke "String.substring(int)" because "bearerToken" is null
2025-08-219 16:56 c.s.o.common.auth.JwtTokenFilter-Cannot invoke "String.substring(int)" because "bearerToken" is null
2025-08-219 16:56 c.s.o.p.controller.ProductController-Page request [number: 0, size 20, sort: UNSORTED]
2025-08-219 16:56 c.s.o.p.controller.ProductController-ProductSearchDto(category=null, productName=null)
2025-08-219 16:56 c.s.o.common.auth.JwtTokenFilter-Cannot invoke "String.substring(int)" because "bearerToken" is null
2025-08-219 16:56 c.s.o.common.auth.JwtTokenFilter-Cannot invoke "String.substring(int)" because "bearerToken" is null
2025-08-219 16:56 c.s.o.p.controller.ProductController-Page request [number: 0, size 20, sort: UNSORTED]
2025-08-219 16:56 c.s.o.p.controller.ProductController-ProductSearchDto(category=null, productName=null)
2025-08-219 16:57 c.s.o.common.auth.JwtTokenFilter-Cannot invoke "String.substring(int)" because "bearerToken" is null
2025-08-219 16:57 c.s.o.common.auth.JwtTokenFilter-Cannot invoke "String.substring(int)" because "bearerToken" is null
2025-08-219 16:57 c.s.o.p.controller.ProductController-Page request [number: 0, size 20, sort: UNSORTED]
2025-08-219 16:57 c.s.o.p.controller.ProductController-ProductSearchDto(category=null, productName=null)
2025-08-219 16:57 c.s.o.common.auth.JwtTokenFilter-Cannot invoke "String.substring(int)" because "bearerToken" is null
2025-08-219 16:57 c.s.o.common.auth.JwtTokenFilter-Cannot invoke "String.substring(int)" because "bearerToken" is null
2025-08-219 16:57 c.s.o.p.controller.ProductController-Page request [number: 0, size 20, sort: UNSORTED]
2025-08-219 16:57 c.s.o.p.controller.ProductController-ProductSearchDto(category=null, productName=null)
2025-08-219 16:58 c.s.o.common.auth.JwtTokenFilter-Cannot invoke "String.substring(int)" because "bearerToken" is null
2025-08-219 16:58 c.s.o.common.auth.JwtTokenFilter-Cannot invoke "String.substring(int)" because "bearerToken" is null
2025-08-219 16:58 c.s.o.p.controller.ProductController-Page request [number: 0, size 20, sort: UNSORTED]
2025-08-219 16:58 c.s.o.p.controller.ProductController-ProductSearchDto(category=null, productName=null)
2025-08-219 16:58 c.s.o.common.auth.JwtTokenFilter-Cannot invoke "String.substring(int)" because "bearerToken" is null
2025-08-219 16:58 c.s.o.common.auth.JwtTokenFilter-Cannot invoke "String.substring(int)" because "bearerToken" is null
2025-08-219 16:58 c.s.o.p.controller.ProductController-Page request [number: 0, size 20, sort: UNSORTED]
2025-08-219 16:58 c.s.o.p.controller.ProductController-ProductSearchDto(category=null, productName=null)
2025-08-219 16:58 c.s.o.common.auth.JwtTokenFilter-Cannot invoke "String.substring(int)" because "bearerToken" is null
2025-08-219 16:58 c.s.o.common.auth.JwtTokenFilter-Cannot invoke "String.substring(int)" because "bearerToken" is null
2025-08-219 16:58 c.s.o.p.controller.ProductController-Page request [number: 0, size 20, sort: UNSORTED]
2025-08-219 16:58 c.s.o.p.controller.ProductController-ProductSearchDto(category=null, productName=null)
2025-08-219 16:58 c.s.o.common.auth.JwtTokenFilter-Cannot invoke "String.substring(int)" because "bearerToken" is null
2025-08-219 16:58 c.s.o.common.auth.JwtTokenFilter-Cannot invoke "String.substring(int)" because "bearerToken" is null
2025-08-219 16:58 c.s.o.p.controller.ProductController-Page request [number: 0, size 20, sort: UNSORTED]
2025-08-219 16:58 c.s.o.p.controller.ProductController-ProductSearchDto(category=null, productName=null)
2025-08-219 16:58 c.s.o.common.auth.JwtTokenFilter-Cannot invoke "String.substring(int)" because "bearerToken" is null
2025-08-219 16:58 c.s.o.common.auth.JwtTokenFilter-Cannot invoke "String.substring(int)" because "bearerToken" is null
2025-08-219 16:58 c.s.o.p.controller.ProductController-Page request [number: 0, size 20, sort: UNSORTED]
2025-08-219 16:58 c.s.o.p.controller.ProductController-ProductSearchDto(category=null, productName=null)
2025-08-219 16:58 c.s.o.common.auth.JwtTokenFilter-Cannot invoke "String.substring(int)" because "bearerToken" is null
2025-08-219 16:58 c.s.o.common.auth.JwtTokenFilter-Cannot invoke "String.substring(int)" because "bearerToken" is null
2025-08-219 16:58 c.s.o.p.controller.ProductController-Page request [number: 0, size 20, sort: UNSORTED]
2025-08-219 16:58 c.s.o.p.controller.ProductController-ProductSearchDto(category=null, productName=null)
2025-08-219 16:59 c.s.o.common.auth.JwtTokenFilter-Cannot invoke "String.substring(int)" because "bearerToken" is null
2025-08-219 16:59 c.s.o.common.auth.JwtTokenFilter-Cannot invoke "String.substring(int)" because "bearerToken" is null
2025-08-219 16:59 c.s.o.p.controller.ProductController-Page request [number: 0, size 20, sort: UNSORTED]
2025-08-219 16:59 c.s.o.p.controller.ProductController-ProductSearchDto(category=null, productName=null)
2025-08-219 17:06 c.s.o.common.auth.JwtTokenFilter-Cannot invoke "String.substring(int)" because "bearerToken" is null
2025-08-219 17:06 c.s.o.common.auth.JwtTokenFilter-Cannot invoke "String.substring(int)" because "bearerToken" is null
2025-08-219 17:06 c.s.o.p.controller.ProductController-Page request [number: 0, size 20, sort: UNSORTED]
2025-08-219 17:06 c.s.o.p.controller.ProductController-ProductSearchDto(category=null, productName=null)
2025-08-219 17:09 c.s.o.common.auth.JwtTokenFilter-Cannot invoke "String.substring(int)" because "bearerToken" is null
2025-08-219 17:09 c.s.o.common.auth.JwtTokenFilter-Cannot invoke "String.substring(int)" because "bearerToken" is null
2025-08-219 17:09 c.s.o.p.controller.ProductController-Page request [number: 0, size 10, sort: UNSORTED]
2025-08-219 17:09 c.s.o.p.controller.ProductController-ProductSearchDto(category=null, productName=null)
2025-08-219 17:09 c.s.o.common.auth.JwtTokenFilter-Cannot invoke "String.substring(int)" because "bearerToken" is null
2025-08-219 17:09 c.s.o.common.auth.JwtTokenFilter-Cannot invoke "String.substring(int)" because "bearerToken" is null
2025-08-219 17:09 c.s.o.p.controller.ProductController-Page request [number: 0, size 10, sort: UNSORTED]
2025-08-219 17:09 c.s.o.p.controller.ProductController-ProductSearchDto(category=null, productName=null)
2025-08-219 17:09 c.s.o.common.auth.JwtTokenFilter-Cannot invoke "String.substring(int)" because "bearerToken" is null
2025-08-219 17:09 c.s.o.common.auth.JwtTokenFilter-Cannot invoke "String.substring(int)" because "bearerToken" is null
2025-08-219 17:09 c.s.o.p.controller.ProductController-Page request [number: 0, size 10, sort: UNSORTED]
2025-08-219 17:09 c.s.o.p.controller.ProductController-ProductSearchDto(category=null, productName=null)
2025-08-219 17:09 c.s.o.common.auth.JwtTokenFilter-Cannot invoke "String.substring(int)" because "bearerToken" is null
2025-08-219 17:09 c.s.o.common.auth.JwtTokenFilter-Cannot invoke "String.substring(int)" because "bearerToken" is null
2025-08-219 17:09 c.s.o.p.controller.ProductController-Page request [number: 0, size 10, sort: UNSORTED]
2025-08-219 17:09 c.s.o.p.controller.ProductController-ProductSearchDto(category=null, productName=null)
2025-08-219 17:10 c.s.o.common.auth.JwtTokenFilter-Cannot invoke "String.substring(int)" because "bearerToken" is null
2025-08-219 17:10 c.s.o.common.auth.JwtTokenFilter-Cannot invoke "String.substring(int)" because "bearerToken" is null
2025-08-219 17:10 c.s.o.p.controller.ProductController-Page request [number: 0, size 10, sort: UNSORTED]
2025-08-219 17:10 c.s.o.p.controller.ProductController-ProductSearchDto(category=null, productName=null)
2025-08-219 17:10 c.s.o.common.auth.JwtTokenFilter-Cannot invoke "String.substring(int)" because "bearerToken" is null
2025-08-219 17:10 c.s.o.common.auth.JwtTokenFilter-Cannot invoke "String.substring(int)" because "bearerToken" is null
2025-08-219 17:10 c.s.o.p.controller.ProductController-Page request [number: 0, size 10, sort: UNSORTED]
2025-08-219 17:10 c.s.o.p.controller.ProductController-ProductSearchDto(category=null, productName=null)
2025-08-219 17:10 c.s.o.common.auth.JwtTokenFilter-Cannot invoke "String.substring(int)" because "bearerToken" is null
2025-08-219 17:10 c.s.o.common.auth.JwtTokenFilter-Cannot invoke "String.substring(int)" because "bearerToken" is null
2025-08-219 17:10 c.s.o.p.controller.ProductController-Page request [number: 0, size 10, sort: UNSORTED]
2025-08-219 17:10 c.s.o.p.controller.ProductController-ProductSearchDto(category=null, productName=null)
2025-08-219 17:11 c.s.o.common.auth.JwtTokenFilter-Cannot invoke "String.substring(int)" because "bearerToken" is null
2025-08-219 17:11 c.s.o.common.auth.JwtTokenFilter-Cannot invoke "String.substring(int)" because "bearerToken" is null
2025-08-219 17:11 c.s.o.p.controller.ProductController-Page request [number: 0, size 20, sort: UNSORTED]
2025-08-219 17:11 c.s.o.p.controller.ProductController-ProductSearchDto(category=null, productName=null)
2025-08-219 17:11 c.s.o.common.auth.JwtTokenFilter-Cannot invoke "String.substring(int)" because "bearerToken" is null
2025-08-219 17:11 c.s.o.common.auth.JwtTokenFilter-Cannot invoke "String.substring(int)" because "bearerToken" is null
2025-08-219 17:11 c.s.o.p.controller.ProductController-Page request [number: 0, size 20, sort: UNSORTED]
2025-08-219 17:11 c.s.o.p.controller.ProductController-ProductSearchDto(category=null, productName=null)
2025-08-219 17:12 c.s.o.common.auth.JwtTokenFilter-Cannot invoke "String.substring(int)" because "bearerToken" is null
2025-08-219 17:12 c.s.o.common.auth.JwtTokenFilter-Cannot invoke "String.substring(int)" because "bearerToken" is null
2025-08-219 17:12 c.s.o.p.controller.ProductController-Page request [number: 0, size 20, sort: UNSORTED]
2025-08-219 17:12 c.s.o.p.controller.ProductController-ProductSearchDto(category=null, productName=null)
2025-08-219 17:16 o.s.a.r.l.SimpleMessageListenerContainer-Waiting for workers to finish.
2025-08-219 17:16 o.s.a.r.l.SimpleMessageListenerContainer-Successfully waited for workers to finish.
2025-08-219 17:16 o.s.b.w.e.tomcat.GracefulShutdown-Commencing graceful shutdown. Waiting for active requests to complete
2025-08-219 17:16 o.s.b.w.e.tomcat.GracefulShutdown-Graceful shutdown complete
2025-08-219 17:16 o.s.o.j.LocalContainerEntityManagerFactoryBean-Closing JPA EntityManagerFactory for persistence unit 'default'
2025-08-219 17:16 com.zaxxer.hikari.HikariDataSource-HikariPool-1 - Shutdown initiated...
2025-08-219 17:16 com.zaxxer.hikari.HikariDataSource-HikariPool-1 - Shutdown completed.
